{"uuid":"51f0a80b-36c7-4654-8495-ed28683651da","historyId":"8042c1a9922c5eeeda252a4a74429eaa","fullName":"PSP.CheckoutPageTest.VerifyCheckoutProcess","labels":[{"name":"package","value":"PSP.CheckoutPageTest"},{"name":"testClass","value":"PSP.CheckoutPageTest"},{"name":"testMethod","value":"VerifyCheckoutProcess"},{"name":"parentSuite","value":"Default Suite"},{"name":"suite","value":"FinalExam"},{"name":"subSuite","value":"PSP.CheckoutPageTest"},{"name":"host","value":"DESKTOP-V6Q85TI"},{"name":"thread","value":"3332@DESKTOP-V6Q85TI.main(1)"},{"name":"framework","value":"testng"},{"name":"language","value":"java"},{"name":"severity","value":"critical"}],"links":[],"name":"VerifyCheckoutProcess","status":"broken","statusDetails":{"known":false,"muted":false,"flaky":false,"message":"no such element: Unable to locate element: {\"method\":\"css selector\",\"selector\":\"#firstname\"}\n  (Session info: chrome=114.0.5735.199)\nFor documentation on this error, please visit: https://www.selenium.dev/documentation/webdriver/troubleshooting/errors#no-such-element-exception\nBuild info: version: '4.10.0', revision: 'c14d967899'\nSystem info: os.name: 'Windows 10', os.arch: 'amd64', os.version: '10.0', java.version: '20.0.1'\nDriver info: org.openqa.selenium.chrome.ChromeDriver\nCommand: [395cacee41f08662f79cb77f99ad681e, findElement {using=id, value=firstname}]\nCapabilities {acceptInsecureCerts: false, browserName: chrome, browserVersion: 114.0.5735.199, chrome: {chromedriverVersion: 114.0.5735.90 (386bc09e8f4f..., userDataDir: C:\\Users\\ketiz\\AppData\\Loca...}, goog:chromeOptions: {debuggerAddress: localhost:51284}, networkConnectionEnabled: false, pageLoadStrategy: normal, platformName: windows, proxy: Proxy(), se:cdp: ws://localhost:51284/devtoo..., se:cdpVersion: 114.0.5735.199, setWindowRect: true, strictFileInteractability: false, timeouts: {implicit: 0, pageLoad: 300000, script: 30000}, unhandledPromptBehavior: dismiss and notify, webauthn:extension:credBlob: true, webauthn:extension:largeBlob: true, webauthn:extension:minPinLength: true, webauthn:extension:prf: true, webauthn:virtualAuthenticators: true}\nSession ID: 395cacee41f08662f79cb77f99ad681e","trace":"org.openqa.selenium.NoSuchElementException: no such element: Unable to locate element: {\"method\":\"css selector\",\"selector\":\"#firstname\"}\n  (Session info: chrome=114.0.5735.199)\nFor documentation on this error, please visit: https://www.selenium.dev/documentation/webdriver/troubleshooting/errors#no-such-element-exception\nBuild info: version: '4.10.0', revision: 'c14d967899'\nSystem info: os.name: 'Windows 10', os.arch: 'amd64', os.version: '10.0', java.version: '20.0.1'\nDriver info: org.openqa.selenium.chrome.ChromeDriver\nCommand: [395cacee41f08662f79cb77f99ad681e, findElement {using=id, value=firstname}]\nCapabilities {acceptInsecureCerts: false, browserName: chrome, browserVersion: 114.0.5735.199, chrome: {chromedriverVersion: 114.0.5735.90 (386bc09e8f4f..., userDataDir: C:\\Users\\ketiz\\AppData\\Loca...}, goog:chromeOptions: {debuggerAddress: localhost:51284}, networkConnectionEnabled: false, pageLoadStrategy: normal, platformName: windows, proxy: Proxy(), se:cdp: ws://localhost:51284/devtoo..., se:cdpVersion: 114.0.5735.199, setWindowRect: true, strictFileInteractability: false, timeouts: {implicit: 0, pageLoad: 300000, script: 30000}, unhandledPromptBehavior: dismiss and notify, webauthn:extension:credBlob: true, webauthn:extension:largeBlob: true, webauthn:extension:minPinLength: true, webauthn:extension:prf: true, webauthn:virtualAuthenticators: true}\nSession ID: 395cacee41f08662f79cb77f99ad681e\r\n\tat java.base/jdk.internal.reflect.DirectConstructorHandleAccessor.newInstance(DirectConstructorHandleAccessor.java:67)\r\n\tat java.base/java.lang.reflect.Constructor.newInstanceWithCaller(Constructor.java:500)\r\n\tat java.base/java.lang.reflect.Constructor.newInstance(Constructor.java:484)\r\n\tat org.openqa.selenium.remote.codec.w3c.W3CHttpResponseCodec.createException(W3CHttpResponseCodec.java:199)\r\n\tat org.openqa.selenium.remote.codec.w3c.W3CHttpResponseCodec.decode(W3CHttpResponseCodec.java:132)\r\n\tat org.openqa.selenium.remote.codec.w3c.W3CHttpResponseCodec.decode(W3CHttpResponseCodec.java:51)\r\n\tat org.openqa.selenium.remote.HttpCommandExecutor.execute(HttpCommandExecutor.java:191)\r\n\tat org.openqa.selenium.remote.service.DriverCommandExecutor.invokeExecute(DriverCommandExecutor.java:196)\r\n\tat org.openqa.selenium.remote.service.DriverCommandExecutor.execute(DriverCommandExecutor.java:171)\r\n\tat org.openqa.selenium.remote.RemoteWebDriver.execute(RemoteWebDriver.java:531)\r\n\tat org.openqa.selenium.remote.ElementLocation$ElementFinder$2.findElement(ElementLocation.java:165)\r\n\tat org.openqa.selenium.remote.ElementLocation.findElement(ElementLocation.java:66)\r\n\tat org.openqa.selenium.remote.RemoteWebDriver.findElement(RemoteWebDriver.java:350)\r\n\tat org.openqa.selenium.remote.RemoteWebDriver.findElement(RemoteWebDriver.java:344)\r\n\tat PageObject.CheckoutPage.fillOutTheName(CheckoutPage.java:351)\r\n\tat PSP.CheckoutPageTest.VerifyCheckoutProcess(CheckoutPageTest.java:45)\r\n\tat java.base/jdk.internal.reflect.DirectMethodHandleAccessor.invoke(DirectMethodHandleAccessor.java:104)\r\n\tat java.base/java.lang.reflect.Method.invoke(Method.java:578)\r\n\tat org.testng.internal.invokers.MethodInvocationHelper.invokeMethod(MethodInvocationHelper.java:139)\r\n\tat org.testng.internal.invokers.TestInvoker.invokeMethod(TestInvoker.java:664)\r\n\tat org.testng.internal.invokers.TestInvoker.invokeTestMethod(TestInvoker.java:227)\r\n\tat org.testng.internal.invokers.MethodRunner.runInSequence(MethodRunner.java:50)\r\n\tat org.testng.internal.invokers.TestInvoker$MethodInvocationAgent.invoke(TestInvoker.java:957)\r\n\tat org.testng.internal.invokers.TestInvoker.invokeTestMethods(TestInvoker.java:200)\r\n\tat org.testng.internal.invokers.TestMethodWorker.invokeTestMethods(TestMethodWorker.java:148)\r\n\tat org.testng.internal.invokers.TestMethodWorker.run(TestMethodWorker.java:128)\r\n\tat java.base/java.util.ArrayList.forEach(ArrayList.java:1511)\r\n\tat org.testng.TestRunner.privateRun(TestRunner.java:848)\r\n\tat org.testng.TestRunner.run(TestRunner.java:621)\r\n\tat org.testng.SuiteRunner.runTest(SuiteRunner.java:443)\r\n\tat org.testng.SuiteRunner.runSequentially(SuiteRunner.java:437)\r\n\tat org.testng.SuiteRunner.privateRun(SuiteRunner.java:397)\r\n\tat org.testng.SuiteRunner.run(SuiteRunner.java:336)\r\n\tat org.testng.SuiteRunnerWorker.runSuite(SuiteRunnerWorker.java:52)\r\n\tat org.testng.SuiteRunnerWorker.run(SuiteRunnerWorker.java:95)\r\n\tat org.testng.TestNG.runSuitesSequentially(TestNG.java:1280)\r\n\tat org.testng.TestNG.runSuitesLocally(TestNG.java:1200)\r\n\tat org.testng.TestNG.runSuites(TestNG.java:1114)\r\n\tat org.testng.TestNG.run(TestNG.java:1082)\r\n\tat com.intellij.rt.testng.IDEARemoteTestNG.run(IDEARemoteTestNG.java:66)\r\n\tat com.intellij.rt.testng.RemoteTestNGStarter.main(RemoteTestNGStarter.java:105)\r\n"},"stage":"finished","description":"Verify Checkout Process","steps":[{"name":"Click Sign In Button","status":"passed","stage":"finished","steps":[],"attachments":[],"parameters":[],"start":1688585393243,"stop":1688585395409},{"name":"Fill Email","status":"passed","stage":"finished","steps":[],"attachments":[],"parameters":[{"name":"emailInput","value":"ketiziraqashvili@yahoo.com"}],"start":1688585395412,"stop":1688585395561},{"name":"Fill Password ","status":"passed","stage":"finished","steps":[],"attachments":[],"parameters":[{"name":"passwordInput","value":"Qwerty123"}],"start":1688585395561,"stop":1688585395767},{"name":"Click on the Submit button.","status":"passed","stage":"finished","steps":[],"attachments":[],"parameters":[],"start":1688585395767,"stop":1688585397920},{"name":"Choose city","status":"passed","stage":"finished","steps":[],"attachments":[],"parameters":[],"start":1688585397920,"stop":1688585398095},{"name":"Choose Tbilisi","status":"passed","stage":"finished","steps":[],"attachments":[],"parameters":[],"start":1688585398095,"stop":1688585398291},{"name":"Click on the cosmetic Button","status":"passed","stage":"finished","steps":[],"attachments":[],"parameters":[],"start":1688585398292,"stop":1688585400375},{"name":"Click to Mizon","status":"passed","stage":"finished","steps":[],"attachments":[],"parameters":[],"start":1688585400375,"stop":1688585401482},{"name":"Scrolling down ","status":"passed","stage":"finished","steps":[],"attachments":[],"parameters":[],"start":1688585401482,"stop":1688585403538},{"name":"Click on the third product checkbox","status":"passed","stage":"finished","steps":[],"attachments":[],"parameters":[],"start":1688585403538,"stop":1688585407654},{"name":"Click on the Choose Button3","status":"passed","stage":"finished","steps":[],"attachments":[],"parameters":[],"start":1688585407654,"stop":1688585411038},{"name":"Click on the product1 to add it to your cart","status":"passed","stage":"finished","steps":[],"attachments":[],"parameters":[],"start":1688585411038,"stop":1688585413183},{"name":"Click on the product2 to add it to your cart","status":"passed","stage":"finished","steps":[],"attachments":[],"parameters":[],"start":1688585413183,"stop":1688585415297},{"name":"Click on the product3 to add it to your cart","status":"passed","stage":"finished","steps":[],"attachments":[],"parameters":[],"start":1688585415297,"stop":1688585419449},{"name":"Click on the header cart","status":"passed","stage":"finished","steps":[],"attachments":[],"parameters":[],"start":1688585419449,"stop":1688585419512},{"name":"Updating quantity","status":"passed","stage":"finished","steps":[],"attachments":[],"parameters":[],"start":1688585419513,"stop":1688585425836},{"name":"Removing items","status":"passed","stage":"finished","steps":[],"attachments":[],"parameters":[],"start":1688585425836,"stop":1688585425949},{"name":"Verify Checkout Process","status":"passed","stage":"finished","steps":[],"attachments":[],"parameters":[],"start":1688585425950,"stop":1688585428201},{"name":"Add to the address","status":"passed","stage":"finished","steps":[],"attachments":[],"parameters":[],"start":1688585428201,"stop":1688585431866},{"name":"Choose the all city option","status":"passed","stage":"finished","steps":[],"attachments":[],"parameters":[],"start":1688585431866,"stop":1688585481691},{"name":"Choose City2","status":"passed","stage":"finished","steps":[],"attachments":[],"parameters":[],"start":1688585481691,"stop":1688585481825},{"name":"Fill the address","status":"passed","stage":"finished","steps":[],"attachments":[],"parameters":[{"name":"AddressInput","value":"Tbilisi"}],"start":1688585481825,"stop":1688585482481},{"name":"Choose current address","status":"passed","stage":"finished","steps":[],"attachments":[],"parameters":[],"start":1688585482482,"stop":1688585482534},{"name":"Fill out the name","status":"broken","statusDetails":{"known":false,"muted":false,"flaky":false,"message":"no such element: Unable to locate element: {\"method\":\"css selector\",\"selector\":\"#firstname\"}\n  (Session info: chrome=114.0.5735.199)\nFor documentation on this error, please visit: https://www.selenium.dev/documentation/webdriver/troubleshooting/errors#no-such-element-exception\nBuild info: version: '4.10.0', revision: 'c14d967899'\nSystem info: os.name: 'Windows 10', os.arch: 'amd64', os.version: '10.0', java.version: '20.0.1'\nDriver info: org.openqa.selenium.chrome.ChromeDriver\nCommand: [395cacee41f08662f79cb77f99ad681e, findElement {using=id, value=firstname}]\nCapabilities {acceptInsecureCerts: false, browserName: chrome, browserVersion: 114.0.5735.199, chrome: {chromedriverVersion: 114.0.5735.90 (386bc09e8f4f..., userDataDir: C:\\Users\\ketiz\\AppData\\Loca...}, goog:chromeOptions: {debuggerAddress: localhost:51284}, networkConnectionEnabled: false, pageLoadStrategy: normal, platformName: windows, proxy: Proxy(), se:cdp: ws://localhost:51284/devtoo..., se:cdpVersion: 114.0.5735.199, setWindowRect: true, strictFileInteractability: false, timeouts: {implicit: 0, pageLoad: 300000, script: 30000}, unhandledPromptBehavior: dismiss and notify, webauthn:extension:credBlob: true, webauthn:extension:largeBlob: true, webauthn:extension:minPinLength: true, webauthn:extension:prf: true, webauthn:virtualAuthenticators: true}\nSession ID: 395cacee41f08662f79cb77f99ad681e","trace":"org.openqa.selenium.NoSuchElementException: no such element: Unable to locate element: {\"method\":\"css selector\",\"selector\":\"#firstname\"}\n  (Session info: chrome=114.0.5735.199)\nFor documentation on this error, please visit: https://www.selenium.dev/documentation/webdriver/troubleshooting/errors#no-such-element-exception\nBuild info: version: '4.10.0', revision: 'c14d967899'\nSystem info: os.name: 'Windows 10', os.arch: 'amd64', os.version: '10.0', java.version: '20.0.1'\nDriver info: org.openqa.selenium.chrome.ChromeDriver\nCommand: [395cacee41f08662f79cb77f99ad681e, findElement {using=id, value=firstname}]\nCapabilities {acceptInsecureCerts: false, browserName: chrome, browserVersion: 114.0.5735.199, chrome: {chromedriverVersion: 114.0.5735.90 (386bc09e8f4f..., userDataDir: C:\\Users\\ketiz\\AppData\\Loca...}, goog:chromeOptions: {debuggerAddress: localhost:51284}, networkConnectionEnabled: false, pageLoadStrategy: normal, platformName: windows, proxy: Proxy(), se:cdp: ws://localhost:51284/devtoo..., se:cdpVersion: 114.0.5735.199, setWindowRect: true, strictFileInteractability: false, timeouts: {implicit: 0, pageLoad: 300000, script: 30000}, unhandledPromptBehavior: dismiss and notify, webauthn:extension:credBlob: true, webauthn:extension:largeBlob: true, webauthn:extension:minPinLength: true, webauthn:extension:prf: true, webauthn:virtualAuthenticators: true}\nSession ID: 395cacee41f08662f79cb77f99ad681e\r\n\tat java.base/jdk.internal.reflect.DirectConstructorHandleAccessor.newInstance(DirectConstructorHandleAccessor.java:67)\r\n\tat java.base/java.lang.reflect.Constructor.newInstanceWithCaller(Constructor.java:500)\r\n\tat java.base/java.lang.reflect.Constructor.newInstance(Constructor.java:484)\r\n\tat org.openqa.selenium.remote.codec.w3c.W3CHttpResponseCodec.createException(W3CHttpResponseCodec.java:199)\r\n\tat org.openqa.selenium.remote.codec.w3c.W3CHttpResponseCodec.decode(W3CHttpResponseCodec.java:132)\r\n\tat org.openqa.selenium.remote.codec.w3c.W3CHttpResponseCodec.decode(W3CHttpResponseCodec.java:51)\r\n\tat org.openqa.selenium.remote.HttpCommandExecutor.execute(HttpCommandExecutor.java:191)\r\n\tat org.openqa.selenium.remote.service.DriverCommandExecutor.invokeExecute(DriverCommandExecutor.java:196)\r\n\tat org.openqa.selenium.remote.service.DriverCommandExecutor.execute(DriverCommandExecutor.java:171)\r\n\tat org.openqa.selenium.remote.RemoteWebDriver.execute(RemoteWebDriver.java:531)\r\n\tat org.openqa.selenium.remote.ElementLocation$ElementFinder$2.findElement(ElementLocation.java:165)\r\n\tat org.openqa.selenium.remote.ElementLocation.findElement(ElementLocation.java:66)\r\n\tat org.openqa.selenium.remote.RemoteWebDriver.findElement(RemoteWebDriver.java:350)\r\n\tat org.openqa.selenium.remote.RemoteWebDriver.findElement(RemoteWebDriver.java:344)\r\n\tat PageObject.CheckoutPage.fillOutTheName(CheckoutPage.java:351)\r\n\tat PSP.CheckoutPageTest.VerifyCheckoutProcess(CheckoutPageTest.java:45)\r\n\tat java.base/jdk.internal.reflect.DirectMethodHandleAccessor.invoke(DirectMethodHandleAccessor.java:104)\r\n\tat java.base/java.lang.reflect.Method.invoke(Method.java:578)\r\n\tat org.testng.internal.invokers.MethodInvocationHelper.invokeMethod(MethodInvocationHelper.java:139)\r\n\tat org.testng.internal.invokers.TestInvoker.invokeMethod(TestInvoker.java:664)\r\n\tat org.testng.internal.invokers.TestInvoker.invokeTestMethod(TestInvoker.java:227)\r\n\tat org.testng.internal.invokers.MethodRunner.runInSequence(MethodRunner.java:50)\r\n\tat org.testng.internal.invokers.TestInvoker$MethodInvocationAgent.invoke(TestInvoker.java:957)\r\n\tat org.testng.internal.invokers.TestInvoker.invokeTestMethods(TestInvoker.java:200)\r\n\tat org.testng.internal.invokers.TestMethodWorker.invokeTestMethods(TestMethodWorker.java:148)\r\n\tat org.testng.internal.invokers.TestMethodWorker.run(TestMethodWorker.java:128)\r\n\tat java.base/java.util.ArrayList.forEach(ArrayList.java:1511)\r\n\tat org.testng.TestRunner.privateRun(TestRunner.java:848)\r\n\tat org.testng.TestRunner.run(TestRunner.java:621)\r\n\tat org.testng.SuiteRunner.runTest(SuiteRunner.java:443)\r\n\tat org.testng.SuiteRunner.runSequentially(SuiteRunner.java:437)\r\n\tat org.testng.SuiteRunner.privateRun(SuiteRunner.java:397)\r\n\tat org.testng.SuiteRunner.run(SuiteRunner.java:336)\r\n\tat org.testng.SuiteRunnerWorker.runSuite(SuiteRunnerWorker.java:52)\r\n\tat org.testng.SuiteRunnerWorker.run(SuiteRunnerWorker.java:95)\r\n\tat org.testng.TestNG.runSuitesSequentially(TestNG.java:1280)\r\n\tat org.testng.TestNG.runSuitesLocally(TestNG.java:1200)\r\n\tat org.testng.TestNG.runSuites(TestNG.java:1114)\r\n\tat org.testng.TestNG.run(TestNG.java:1082)\r\n\tat com.intellij.rt.testng.IDEARemoteTestNG.run(IDEARemoteTestNG.java:66)\r\n\tat com.intellij.rt.testng.RemoteTestNGStarter.main(RemoteTestNGStarter.java:105)\r\n"},"stage":"finished","steps":[],"attachments":[],"parameters":[{"name":"nameField","value":"Ketevan"}],"start":1688585482534,"stop":1688585482550}],"attachments":[],"parameters":[],"start":1688585393108,"stop":1688585482555}