{"uuid":"b48f563a-dab6-47db-8399-7f077cfd8866","historyId":"77d26882db89c6f690b7699aa39c9804","fullName":"PSP.HomePageTest.AddToCart","labels":[{"name":"package","value":"PSP.HomePageTest"},{"name":"testClass","value":"PSP.HomePageTest"},{"name":"testMethod","value":"AddToCart"},{"name":"parentSuite","value":"Default Suite"},{"name":"suite","value":"FinalExam"},{"name":"subSuite","value":"PSP.HomePageTest"},{"name":"host","value":"DESKTOP-V6Q85TI"},{"name":"thread","value":"5380@DESKTOP-V6Q85TI.main(1)"},{"name":"framework","value":"testng"},{"name":"language","value":"java"},{"name":"severity","value":"critical"}],"links":[],"name":"AddToCart","status":"broken","statusDetails":{"known":false,"muted":false,"flaky":false,"message":"Element should have been \"select\" but was \"div\"\nBuild info: version: '4.10.0', revision: 'c14d967899'\nSystem info: os.name: 'Windows 10', os.arch: 'amd64', os.version: '10.0', java.version: '20.0.1'\nDriver info: driver.version: unknown","trace":"org.openqa.selenium.support.ui.UnexpectedTagNameException: Element should have been \"select\" but was \"div\"\nBuild info: version: '4.10.0', revision: 'c14d967899'\nSystem info: os.name: 'Windows 10', os.arch: 'amd64', os.version: '10.0', java.version: '20.0.1'\nDriver info: driver.version: unknown\r\n\tat org.openqa.selenium.support.ui.Select.<init>(Select.java:46)\r\n\tat PageObject.HomePage.dropDown(HomePage.java:115)\r\n\tat PSP.HomePageTest.AddToCart(HomePageTest.java:39)\r\n\tat java.base/jdk.internal.reflect.DirectMethodHandleAccessor.invoke(DirectMethodHandleAccessor.java:104)\r\n\tat java.base/java.lang.reflect.Method.invoke(Method.java:578)\r\n\tat org.testng.internal.invokers.MethodInvocationHelper.invokeMethod(MethodInvocationHelper.java:139)\r\n\tat org.testng.internal.invokers.TestInvoker.invokeMethod(TestInvoker.java:664)\r\n\tat org.testng.internal.invokers.TestInvoker.invokeTestMethod(TestInvoker.java:227)\r\n\tat org.testng.internal.invokers.MethodRunner.runInSequence(MethodRunner.java:50)\r\n\tat org.testng.internal.invokers.TestInvoker$MethodInvocationAgent.invoke(TestInvoker.java:957)\r\n\tat org.testng.internal.invokers.TestInvoker.invokeTestMethods(TestInvoker.java:200)\r\n\tat org.testng.internal.invokers.TestMethodWorker.invokeTestMethods(TestMethodWorker.java:148)\r\n\tat org.testng.internal.invokers.TestMethodWorker.run(TestMethodWorker.java:128)\r\n\tat java.base/java.util.ArrayList.forEach(ArrayList.java:1511)\r\n\tat org.testng.TestRunner.privateRun(TestRunner.java:848)\r\n\tat org.testng.TestRunner.run(TestRunner.java:621)\r\n\tat org.testng.SuiteRunner.runTest(SuiteRunner.java:443)\r\n\tat org.testng.SuiteRunner.runSequentially(SuiteRunner.java:437)\r\n\tat org.testng.SuiteRunner.privateRun(SuiteRunner.java:397)\r\n\tat org.testng.SuiteRunner.run(SuiteRunner.java:336)\r\n\tat org.testng.SuiteRunnerWorker.runSuite(SuiteRunnerWorker.java:52)\r\n\tat org.testng.SuiteRunnerWorker.run(SuiteRunnerWorker.java:95)\r\n\tat org.testng.TestNG.runSuitesSequentially(TestNG.java:1280)\r\n\tat org.testng.TestNG.runSuitesLocally(TestNG.java:1200)\r\n\tat org.testng.TestNG.runSuites(TestNG.java:1114)\r\n\tat org.testng.TestNG.run(TestNG.java:1082)\r\n\tat com.intellij.rt.testng.IDEARemoteTestNG.run(IDEARemoteTestNG.java:66)\r\n\tat com.intellij.rt.testng.RemoteTestNGStarter.main(RemoteTestNGStarter.java:105)\r\n"},"stage":"finished","description":"Verify Add to Cart Functionality","steps":[{"name":"Click Sign In Button","status":"passed","stage":"finished","steps":[],"attachments":[],"parameters":[],"start":1688302595491,"stop":1688302597694},{"name":"Fill Email","status":"passed","stage":"finished","steps":[],"attachments":[],"parameters":[{"name":"emailInput","value":"ketiziraqashvili@yahoo.com"}],"start":1688302597696,"stop":1688302597841},{"name":"Fill Password ","status":"passed","stage":"finished","steps":[],"attachments":[],"parameters":[{"name":"passwordInput","value":"Qwerty123"}],"start":1688302597842,"stop":1688302598049},{"name":"Click on the Submit button.","status":"passed","stage":"finished","steps":[],"attachments":[],"parameters":[],"start":1688302598049,"stop":1688302600202},{"name":"Click on the cosmetic Button","status":"passed","stage":"finished","steps":[],"attachments":[],"parameters":[],"start":1688302600202,"stop":1688302602270},{"name":"Scrolling down the page","status":"passed","stage":"finished","steps":[],"attachments":[],"parameters":[],"start":1688302602270,"stop":1688302604305},{"name":"Click on the product checkbox","status":"passed","stage":"finished","steps":[],"attachments":[],"parameters":[],"start":1688302604305,"stop":1688302604435},{"name":"Click on the Choose Button","status":"passed","stage":"finished","steps":[],"attachments":[],"parameters":[],"start":1688302604435,"stop":1688302607927},{"name":"Click on the Choose Button2","status":"passed","stage":"finished","steps":[],"attachments":[],"parameters":[],"start":1688302607927,"stop":1688302611127},{"name":"Click on the dropdown button","status":"broken","statusDetails":{"known":false,"muted":false,"flaky":false,"message":"Element should have been \"select\" but was \"div\"\nBuild info: version: '4.10.0', revision: 'c14d967899'\nSystem info: os.name: 'Windows 10', os.arch: 'amd64', os.version: '10.0', java.version: '20.0.1'\nDriver info: driver.version: unknown","trace":"org.openqa.selenium.support.ui.UnexpectedTagNameException: Element should have been \"select\" but was \"div\"\nBuild info: version: '4.10.0', revision: 'c14d967899'\nSystem info: os.name: 'Windows 10', os.arch: 'amd64', os.version: '10.0', java.version: '20.0.1'\nDriver info: driver.version: unknown\r\n\tat org.openqa.selenium.support.ui.Select.<init>(Select.java:46)\r\n\tat PageObject.HomePage.dropDown(HomePage.java:115)\r\n\tat PSP.HomePageTest.AddToCart(HomePageTest.java:39)\r\n\tat java.base/jdk.internal.reflect.DirectMethodHandleAccessor.invoke(DirectMethodHandleAccessor.java:104)\r\n\tat java.base/java.lang.reflect.Method.invoke(Method.java:578)\r\n\tat org.testng.internal.invokers.MethodInvocationHelper.invokeMethod(MethodInvocationHelper.java:139)\r\n\tat org.testng.internal.invokers.TestInvoker.invokeMethod(TestInvoker.java:664)\r\n\tat org.testng.internal.invokers.TestInvoker.invokeTestMethod(TestInvoker.java:227)\r\n\tat org.testng.internal.invokers.MethodRunner.runInSequence(MethodRunner.java:50)\r\n\tat org.testng.internal.invokers.TestInvoker$MethodInvocationAgent.invoke(TestInvoker.java:957)\r\n\tat org.testng.internal.invokers.TestInvoker.invokeTestMethods(TestInvoker.java:200)\r\n\tat org.testng.internal.invokers.TestMethodWorker.invokeTestMethods(TestMethodWorker.java:148)\r\n\tat org.testng.internal.invokers.TestMethodWorker.run(TestMethodWorker.java:128)\r\n\tat java.base/java.util.ArrayList.forEach(ArrayList.java:1511)\r\n\tat org.testng.TestRunner.privateRun(TestRunner.java:848)\r\n\tat org.testng.TestRunner.run(TestRunner.java:621)\r\n\tat org.testng.SuiteRunner.runTest(SuiteRunner.java:443)\r\n\tat org.testng.SuiteRunner.runSequentially(SuiteRunner.java:437)\r\n\tat org.testng.SuiteRunner.privateRun(SuiteRunner.java:397)\r\n\tat org.testng.SuiteRunner.run(SuiteRunner.java:336)\r\n\tat org.testng.SuiteRunnerWorker.runSuite(SuiteRunnerWorker.java:52)\r\n\tat org.testng.SuiteRunnerWorker.run(SuiteRunnerWorker.java:95)\r\n\tat org.testng.TestNG.runSuitesSequentially(TestNG.java:1280)\r\n\tat org.testng.TestNG.runSuitesLocally(TestNG.java:1200)\r\n\tat org.testng.TestNG.runSuites(TestNG.java:1114)\r\n\tat org.testng.TestNG.run(TestNG.java:1082)\r\n\tat com.intellij.rt.testng.IDEARemoteTestNG.run(IDEARemoteTestNG.java:66)\r\n\tat com.intellij.rt.testng.RemoteTestNGStarter.main(RemoteTestNGStarter.java:105)\r\n"},"stage":"finished","steps":[],"attachments":[],"parameters":[],"start":1688302611127,"stop":1688302611215}],"attachments":[],"parameters":[],"start":1688302595387,"stop":1688302611222}