{"uuid":"e3d29806-8840-4ee0-9a3a-f7b35d8d11ae","historyId":"8042c1a9922c5eeeda252a4a74429eaa","fullName":"PSP.CheckoutPageTest.VerifyCheckoutProcess","labels":[{"name":"package","value":"PSP.CheckoutPageTest"},{"name":"testClass","value":"PSP.CheckoutPageTest"},{"name":"testMethod","value":"VerifyCheckoutProcess"},{"name":"parentSuite","value":"Default Suite"},{"name":"suite","value":"FinalExam"},{"name":"subSuite","value":"PSP.CheckoutPageTest"},{"name":"host","value":"DESKTOP-V6Q85TI"},{"name":"thread","value":"25564@DESKTOP-V6Q85TI.main(1)"},{"name":"framework","value":"testng"},{"name":"language","value":"java"},{"name":"severity","value":"critical"}],"links":[],"name":"VerifyCheckoutProcess","status":"broken","statusDetails":{"known":false,"muted":false,"flaky":false,"message":"Expected condition failed: waiting for visibility of element located by By.xpath: /html/body/div[1]/div[1]/div/div[2]/div[1]/div/div[1]/div[2]/div/div[2]/button (tried for 40 second(s) with 500 milliseconds interval)\nBuild info: version: '4.10.0', revision: 'c14d967899'\nSystem info: os.name: 'Windows 10', os.arch: 'amd64', os.version: '10.0', java.version: '20.0.1'\nDriver info: org.openqa.selenium.chrome.ChromeDriver\nCapabilities {acceptInsecureCerts: false, browserName: chrome, browserVersion: 114.0.5735.199, chrome: {chromedriverVersion: 114.0.5735.90 (386bc09e8f4f..., userDataDir: C:\\Users\\ketiz\\AppData\\Loca...}, goog:chromeOptions: {debuggerAddress: localhost:59448}, networkConnectionEnabled: false, pageLoadStrategy: normal, platformName: windows, proxy: Proxy(), se:cdp: ws://localhost:59448/devtoo..., se:cdpVersion: 114.0.5735.199, setWindowRect: true, strictFileInteractability: false, timeouts: {implicit: 0, pageLoad: 300000, script: 30000}, unhandledPromptBehavior: dismiss and notify, webauthn:extension:credBlob: true, webauthn:extension:largeBlob: true, webauthn:extension:minPinLength: true, webauthn:extension:prf: true, webauthn:virtualAuthenticators: true}\nSession ID: eee8e9ca6c2a5961408831b603035cf4","trace":"org.openqa.selenium.TimeoutException: Expected condition failed: waiting for visibility of element located by By.xpath: /html/body/div[1]/div[1]/div/div[2]/div[1]/div/div[1]/div[2]/div/div[2]/button (tried for 40 second(s) with 500 milliseconds interval)\nBuild info: version: '4.10.0', revision: 'c14d967899'\nSystem info: os.name: 'Windows 10', os.arch: 'amd64', os.version: '10.0', java.version: '20.0.1'\nDriver info: org.openqa.selenium.chrome.ChromeDriver\nCapabilities {acceptInsecureCerts: false, browserName: chrome, browserVersion: 114.0.5735.199, chrome: {chromedriverVersion: 114.0.5735.90 (386bc09e8f4f..., userDataDir: C:\\Users\\ketiz\\AppData\\Loca...}, goog:chromeOptions: {debuggerAddress: localhost:59448}, networkConnectionEnabled: false, pageLoadStrategy: normal, platformName: windows, proxy: Proxy(), se:cdp: ws://localhost:59448/devtoo..., se:cdpVersion: 114.0.5735.199, setWindowRect: true, strictFileInteractability: false, timeouts: {implicit: 0, pageLoad: 300000, script: 30000}, unhandledPromptBehavior: dismiss and notify, webauthn:extension:credBlob: true, webauthn:extension:largeBlob: true, webauthn:extension:minPinLength: true, webauthn:extension:prf: true, webauthn:virtualAuthenticators: true}\nSession ID: eee8e9ca6c2a5961408831b603035cf4\r\n\tat org.openqa.selenium.support.ui.WebDriverWait.timeoutException(WebDriverWait.java:84)\r\n\tat org.openqa.selenium.support.ui.FluentWait.until(FluentWait.java:230)\r\n\tat PageObject.CheckoutPage.checkout(CheckoutPage.java:300)\r\n\tat PSP.CheckoutPageTest.VerifyCheckoutProcess(CheckoutPageTest.java:39)\r\n\tat java.base/jdk.internal.reflect.DirectMethodHandleAccessor.invoke(DirectMethodHandleAccessor.java:104)\r\n\tat java.base/java.lang.reflect.Method.invoke(Method.java:578)\r\n\tat org.testng.internal.invokers.MethodInvocationHelper.invokeMethod(MethodInvocationHelper.java:139)\r\n\tat org.testng.internal.invokers.TestInvoker.invokeMethod(TestInvoker.java:664)\r\n\tat org.testng.internal.invokers.TestInvoker.invokeTestMethod(TestInvoker.java:227)\r\n\tat org.testng.internal.invokers.MethodRunner.runInSequence(MethodRunner.java:50)\r\n\tat org.testng.internal.invokers.TestInvoker$MethodInvocationAgent.invoke(TestInvoker.java:957)\r\n\tat org.testng.internal.invokers.TestInvoker.invokeTestMethods(TestInvoker.java:200)\r\n\tat org.testng.internal.invokers.TestMethodWorker.invokeTestMethods(TestMethodWorker.java:148)\r\n\tat org.testng.internal.invokers.TestMethodWorker.run(TestMethodWorker.java:128)\r\n\tat java.base/java.util.ArrayList.forEach(ArrayList.java:1511)\r\n\tat org.testng.TestRunner.privateRun(TestRunner.java:848)\r\n\tat org.testng.TestRunner.run(TestRunner.java:621)\r\n\tat org.testng.SuiteRunner.runTest(SuiteRunner.java:443)\r\n\tat org.testng.SuiteRunner.runSequentially(SuiteRunner.java:437)\r\n\tat org.testng.SuiteRunner.privateRun(SuiteRunner.java:397)\r\n\tat org.testng.SuiteRunner.run(SuiteRunner.java:336)\r\n\tat org.testng.SuiteRunnerWorker.runSuite(SuiteRunnerWorker.java:52)\r\n\tat org.testng.SuiteRunnerWorker.run(SuiteRunnerWorker.java:95)\r\n\tat org.testng.TestNG.runSuitesSequentially(TestNG.java:1280)\r\n\tat org.testng.TestNG.runSuitesLocally(TestNG.java:1200)\r\n\tat org.testng.TestNG.runSuites(TestNG.java:1114)\r\n\tat org.testng.TestNG.run(TestNG.java:1082)\r\n\tat com.intellij.rt.testng.IDEARemoteTestNG.run(IDEARemoteTestNG.java:66)\r\n\tat com.intellij.rt.testng.RemoteTestNGStarter.main(RemoteTestNGStarter.java:105)\r\n"},"stage":"finished","description":"Verify Checkout Process","steps":[{"name":"Click Sign In Button","status":"passed","stage":"finished","steps":[],"attachments":[],"parameters":[],"start":1688584434112,"stop":1688584436278},{"name":"Fill Email","status":"passed","stage":"finished","steps":[],"attachments":[],"parameters":[{"name":"emailInput","value":"ketiziraqashvili@yahoo.com"}],"start":1688584436282,"stop":1688584436439},{"name":"Fill Password ","status":"passed","stage":"finished","steps":[],"attachments":[],"parameters":[{"name":"passwordInput","value":"Qwerty123"}],"start":1688584436440,"stop":1688584436659},{"name":"Click on the Submit button.","status":"passed","stage":"finished","steps":[],"attachments":[],"parameters":[],"start":1688584436659,"stop":1688584438818},{"name":"Choose city","status":"passed","stage":"finished","steps":[],"attachments":[],"parameters":[],"start":1688584438818,"stop":1688584438967},{"name":"Choose Tbilisi","status":"passed","stage":"finished","steps":[],"attachments":[],"parameters":[],"start":1688584438967,"stop":1688584439118},{"name":"Click on the cosmetic Button","status":"passed","stage":"finished","steps":[],"attachments":[],"parameters":[],"start":1688584439119,"stop":1688584441190},{"name":"Click to Mizon","status":"passed","stage":"finished","steps":[],"attachments":[],"parameters":[],"start":1688584441190,"stop":1688584442280},{"name":"Scrolling down ","status":"passed","stage":"finished","steps":[],"attachments":[],"parameters":[],"start":1688584442280,"stop":1688584444312},{"name":"Click on the third product checkbox","status":"passed","stage":"finished","steps":[],"attachments":[],"parameters":[],"start":1688584444312,"stop":1688584448426},{"name":"Click on the Choose Button3","status":"passed","stage":"finished","steps":[],"attachments":[],"parameters":[],"start":1688584448426,"stop":1688584451835},{"name":"Click on the product1 to add it to your cart","status":"passed","stage":"finished","steps":[],"attachments":[],"parameters":[],"start":1688584451835,"stop":1688584453960},{"name":"Click on the product2 to add it to your cart","status":"passed","stage":"finished","steps":[],"attachments":[],"parameters":[],"start":1688584453960,"stop":1688584456112},{"name":"Click on the product3 to add it to your cart","status":"passed","stage":"finished","steps":[],"attachments":[],"parameters":[],"start":1688584456112,"stop":1688584460228},{"name":"Click on the header cart","status":"passed","stage":"finished","steps":[],"attachments":[],"parameters":[],"start":1688584460228,"stop":1688584460313},{"name":"Updating quantity","status":"passed","stage":"finished","steps":[],"attachments":[],"parameters":[],"start":1688584460313,"stop":1688584466657},{"name":"Removing items","status":"passed","stage":"finished","steps":[],"attachments":[],"parameters":[],"start":1688584466657,"stop":1688584466770},{"name":"Verify Checkout Process","status":"broken","statusDetails":{"known":false,"muted":false,"flaky":false,"message":"Expected condition failed: waiting for visibility of element located by By.xpath: /html/body/div[1]/div[1]/div/div[2]/div[1]/div/div[1]/div[2]/div/div[2]/button (tried for 40 second(s) with 500 milliseconds interval)\nBuild info: version: '4.10.0', revision: 'c14d967899'\nSystem info: os.name: 'Windows 10', os.arch: 'amd64', os.version: '10.0', java.version: '20.0.1'\nDriver info: org.openqa.selenium.chrome.ChromeDriver\nCapabilities {acceptInsecureCerts: false, browserName: chrome, browserVersion: 114.0.5735.199, chrome: {chromedriverVersion: 114.0.5735.90 (386bc09e8f4f..., userDataDir: C:\\Users\\ketiz\\AppData\\Loca...}, goog:chromeOptions: {debuggerAddress: localhost:59448}, networkConnectionEnabled: false, pageLoadStrategy: normal, platformName: windows, proxy: Proxy(), se:cdp: ws://localhost:59448/devtoo..., se:cdpVersion: 114.0.5735.199, setWindowRect: true, strictFileInteractability: false, timeouts: {implicit: 0, pageLoad: 300000, script: 30000}, unhandledPromptBehavior: dismiss and notify, webauthn:extension:credBlob: true, webauthn:extension:largeBlob: true, webauthn:extension:minPinLength: true, webauthn:extension:prf: true, webauthn:virtualAuthenticators: true}\nSession ID: eee8e9ca6c2a5961408831b603035cf4","trace":"org.openqa.selenium.TimeoutException: Expected condition failed: waiting for visibility of element located by By.xpath: /html/body/div[1]/div[1]/div/div[2]/div[1]/div/div[1]/div[2]/div/div[2]/button (tried for 40 second(s) with 500 milliseconds interval)\nBuild info: version: '4.10.0', revision: 'c14d967899'\nSystem info: os.name: 'Windows 10', os.arch: 'amd64', os.version: '10.0', java.version: '20.0.1'\nDriver info: org.openqa.selenium.chrome.ChromeDriver\nCapabilities {acceptInsecureCerts: false, browserName: chrome, browserVersion: 114.0.5735.199, chrome: {chromedriverVersion: 114.0.5735.90 (386bc09e8f4f..., userDataDir: C:\\Users\\ketiz\\AppData\\Loca...}, goog:chromeOptions: {debuggerAddress: localhost:59448}, networkConnectionEnabled: false, pageLoadStrategy: normal, platformName: windows, proxy: Proxy(), se:cdp: ws://localhost:59448/devtoo..., se:cdpVersion: 114.0.5735.199, setWindowRect: true, strictFileInteractability: false, timeouts: {implicit: 0, pageLoad: 300000, script: 30000}, unhandledPromptBehavior: dismiss and notify, webauthn:extension:credBlob: true, webauthn:extension:largeBlob: true, webauthn:extension:minPinLength: true, webauthn:extension:prf: true, webauthn:virtualAuthenticators: true}\nSession ID: eee8e9ca6c2a5961408831b603035cf4\r\n\tat org.openqa.selenium.support.ui.WebDriverWait.timeoutException(WebDriverWait.java:84)\r\n\tat org.openqa.selenium.support.ui.FluentWait.until(FluentWait.java:230)\r\n\tat PageObject.CheckoutPage.checkout(CheckoutPage.java:300)\r\n\tat PSP.CheckoutPageTest.VerifyCheckoutProcess(CheckoutPageTest.java:39)\r\n\tat java.base/jdk.internal.reflect.DirectMethodHandleAccessor.invoke(DirectMethodHandleAccessor.java:104)\r\n\tat java.base/java.lang.reflect.Method.invoke(Method.java:578)\r\n\tat org.testng.internal.invokers.MethodInvocationHelper.invokeMethod(MethodInvocationHelper.java:139)\r\n\tat org.testng.internal.invokers.TestInvoker.invokeMethod(TestInvoker.java:664)\r\n\tat org.testng.internal.invokers.TestInvoker.invokeTestMethod(TestInvoker.java:227)\r\n\tat org.testng.internal.invokers.MethodRunner.runInSequence(MethodRunner.java:50)\r\n\tat org.testng.internal.invokers.TestInvoker$MethodInvocationAgent.invoke(TestInvoker.java:957)\r\n\tat org.testng.internal.invokers.TestInvoker.invokeTestMethods(TestInvoker.java:200)\r\n\tat org.testng.internal.invokers.TestMethodWorker.invokeTestMethods(TestMethodWorker.java:148)\r\n\tat org.testng.internal.invokers.TestMethodWorker.run(TestMethodWorker.java:128)\r\n\tat java.base/java.util.ArrayList.forEach(ArrayList.java:1511)\r\n\tat org.testng.TestRunner.privateRun(TestRunner.java:848)\r\n\tat org.testng.TestRunner.run(TestRunner.java:621)\r\n\tat org.testng.SuiteRunner.runTest(SuiteRunner.java:443)\r\n\tat org.testng.SuiteRunner.runSequentially(SuiteRunner.java:437)\r\n\tat org.testng.SuiteRunner.privateRun(SuiteRunner.java:397)\r\n\tat org.testng.SuiteRunner.run(SuiteRunner.java:336)\r\n\tat org.testng.SuiteRunnerWorker.runSuite(SuiteRunnerWorker.java:52)\r\n\tat org.testng.SuiteRunnerWorker.run(SuiteRunnerWorker.java:95)\r\n\tat org.testng.TestNG.runSuitesSequentially(TestNG.java:1280)\r\n\tat org.testng.TestNG.runSuitesLocally(TestNG.java:1200)\r\n\tat org.testng.TestNG.runSuites(TestNG.java:1114)\r\n\tat org.testng.TestNG.run(TestNG.java:1082)\r\n\tat com.intellij.rt.testng.IDEARemoteTestNG.run(IDEARemoteTestNG.java:66)\r\n\tat com.intellij.rt.testng.RemoteTestNGStarter.main(RemoteTestNGStarter.java:105)\r\n"},"stage":"finished","steps":[],"attachments":[],"parameters":[],"start":1688584466770,"stop":1688584506872}],"attachments":[],"parameters":[],"start":1688584433981,"stop":1688584506878}