{"uuid":"e465aa55-01e1-41b6-b7cc-305e57f38ef0","historyId":"8042c1a9922c5eeeda252a4a74429eaa","fullName":"PSP.CheckoutPageTest.VerifyCheckoutProcess","labels":[{"name":"package","value":"PSP.CheckoutPageTest"},{"name":"testClass","value":"PSP.CheckoutPageTest"},{"name":"testMethod","value":"VerifyCheckoutProcess"},{"name":"parentSuite","value":"Default Suite"},{"name":"suite","value":"FinalExam"},{"name":"subSuite","value":"PSP.CheckoutPageTest"},{"name":"host","value":"DESKTOP-V6Q85TI"},{"name":"thread","value":"19664@DESKTOP-V6Q85TI.main(1)"},{"name":"framework","value":"testng"},{"name":"language","value":"java"},{"name":"severity","value":"critical"}],"links":[],"name":"VerifyCheckoutProcess","status":"broken","statusDetails":{"known":false,"muted":false,"flaky":false,"message":"Expected condition failed: waiting for element to be clickable: By.xpath: //*[@id=\"app\"]/div[3]/div[1]/div[3]/a[1]/button (tried for 40 second(s) with 500 milliseconds interval)\nBuild info: version: '4.10.0', revision: 'c14d967899'\nSystem info: os.name: 'Windows 10', os.arch: 'amd64', os.version: '10.0', java.version: '20.0.1'\nDriver info: org.openqa.selenium.chrome.ChromeDriver\nCapabilities {acceptInsecureCerts: false, browserName: chrome, browserVersion: 114.0.5735.199, chrome: {chromedriverVersion: 114.0.5735.90 (386bc09e8f4f..., userDataDir: C:\\Users\\ketiz\\AppData\\Loca...}, goog:chromeOptions: {debuggerAddress: localhost:51596}, networkConnectionEnabled: false, pageLoadStrategy: normal, platformName: windows, proxy: Proxy(), se:cdp: ws://localhost:51596/devtoo..., se:cdpVersion: 114.0.5735.199, setWindowRect: true, strictFileInteractability: false, timeouts: {implicit: 0, pageLoad: 300000, script: 30000}, unhandledPromptBehavior: dismiss and notify, webauthn:extension:credBlob: true, webauthn:extension:largeBlob: true, webauthn:extension:minPinLength: true, webauthn:extension:prf: true, webauthn:virtualAuthenticators: true}\nSession ID: 8cf24a1807f6015e2aabc8944783e5d7","trace":"org.openqa.selenium.TimeoutException: Expected condition failed: waiting for element to be clickable: By.xpath: //*[@id=\"app\"]/div[3]/div[1]/div[3]/a[1]/button (tried for 40 second(s) with 500 milliseconds interval)\nBuild info: version: '4.10.0', revision: 'c14d967899'\nSystem info: os.name: 'Windows 10', os.arch: 'amd64', os.version: '10.0', java.version: '20.0.1'\nDriver info: org.openqa.selenium.chrome.ChromeDriver\nCapabilities {acceptInsecureCerts: false, browserName: chrome, browserVersion: 114.0.5735.199, chrome: {chromedriverVersion: 114.0.5735.90 (386bc09e8f4f..., userDataDir: C:\\Users\\ketiz\\AppData\\Loca...}, goog:chromeOptions: {debuggerAddress: localhost:51596}, networkConnectionEnabled: false, pageLoadStrategy: normal, platformName: windows, proxy: Proxy(), se:cdp: ws://localhost:51596/devtoo..., se:cdpVersion: 114.0.5735.199, setWindowRect: true, strictFileInteractability: false, timeouts: {implicit: 0, pageLoad: 300000, script: 30000}, unhandledPromptBehavior: dismiss and notify, webauthn:extension:credBlob: true, webauthn:extension:largeBlob: true, webauthn:extension:minPinLength: true, webauthn:extension:prf: true, webauthn:virtualAuthenticators: true}\nSession ID: 8cf24a1807f6015e2aabc8944783e5d7\r\n\tat org.openqa.selenium.support.ui.WebDriverWait.timeoutException(WebDriverWait.java:84)\r\n\tat org.openqa.selenium.support.ui.FluentWait.until(FluentWait.java:230)\r\n\tat PageObject.CheckoutPage.checkout(CheckoutPage.java:291)\r\n\tat PSP.CheckoutPageTest.VerifyCheckoutProcess(CheckoutPageTest.java:38)\r\n\tat java.base/jdk.internal.reflect.DirectMethodHandleAccessor.invoke(DirectMethodHandleAccessor.java:104)\r\n\tat java.base/java.lang.reflect.Method.invoke(Method.java:578)\r\n\tat org.testng.internal.invokers.MethodInvocationHelper.invokeMethod(MethodInvocationHelper.java:139)\r\n\tat org.testng.internal.invokers.TestInvoker.invokeMethod(TestInvoker.java:664)\r\n\tat org.testng.internal.invokers.TestInvoker.invokeTestMethod(TestInvoker.java:227)\r\n\tat org.testng.internal.invokers.MethodRunner.runInSequence(MethodRunner.java:50)\r\n\tat org.testng.internal.invokers.TestInvoker$MethodInvocationAgent.invoke(TestInvoker.java:957)\r\n\tat org.testng.internal.invokers.TestInvoker.invokeTestMethods(TestInvoker.java:200)\r\n\tat org.testng.internal.invokers.TestMethodWorker.invokeTestMethods(TestMethodWorker.java:148)\r\n\tat org.testng.internal.invokers.TestMethodWorker.run(TestMethodWorker.java:128)\r\n\tat java.base/java.util.ArrayList.forEach(ArrayList.java:1511)\r\n\tat org.testng.TestRunner.privateRun(TestRunner.java:848)\r\n\tat org.testng.TestRunner.run(TestRunner.java:621)\r\n\tat org.testng.SuiteRunner.runTest(SuiteRunner.java:443)\r\n\tat org.testng.SuiteRunner.runSequentially(SuiteRunner.java:437)\r\n\tat org.testng.SuiteRunner.privateRun(SuiteRunner.java:397)\r\n\tat org.testng.SuiteRunner.run(SuiteRunner.java:336)\r\n\tat org.testng.SuiteRunnerWorker.runSuite(SuiteRunnerWorker.java:52)\r\n\tat org.testng.SuiteRunnerWorker.run(SuiteRunnerWorker.java:95)\r\n\tat org.testng.TestNG.runSuitesSequentially(TestNG.java:1280)\r\n\tat org.testng.TestNG.runSuitesLocally(TestNG.java:1200)\r\n\tat org.testng.TestNG.runSuites(TestNG.java:1114)\r\n\tat org.testng.TestNG.run(TestNG.java:1082)\r\n\tat com.intellij.rt.testng.IDEARemoteTestNG.run(IDEARemoteTestNG.java:66)\r\n\tat com.intellij.rt.testng.RemoteTestNGStarter.main(RemoteTestNGStarter.java:105)\r\n"},"stage":"finished","description":"Verify Checkout Process","steps":[{"name":"Click Sign In Button","status":"passed","stage":"finished","steps":[],"attachments":[],"parameters":[],"start":1688629194917,"stop":1688629197125},{"name":"Fill Email","status":"passed","stage":"finished","steps":[],"attachments":[],"parameters":[{"name":"emailInput","value":"ketiziraqashvili@yahoo.com"}],"start":1688629197128,"stop":1688629197261},{"name":"Fill Password ","status":"passed","stage":"finished","steps":[],"attachments":[],"parameters":[{"name":"passwordInput","value":"Qwerty123!"}],"start":1688629197261,"stop":1688629197457},{"name":"Click on the Submit button.","status":"passed","stage":"finished","steps":[],"attachments":[],"parameters":[],"start":1688629197457,"stop":1688629199622},{"name":"Choose city","status":"passed","stage":"finished","steps":[],"attachments":[],"parameters":[],"start":1688629199622,"stop":1688629200691},{"name":"Choose Tbilisi","status":"passed","stage":"finished","steps":[],"attachments":[],"parameters":[],"start":1688629200691,"stop":1688629200843},{"name":"Click on the cosmetic Button","status":"passed","stage":"finished","steps":[],"attachments":[],"parameters":[],"start":1688629200843,"stop":1688629202908},{"name":"Click to Mizon","status":"passed","stage":"finished","steps":[],"attachments":[],"parameters":[],"start":1688629202908,"stop":1688629204003},{"name":"Scrolling down ","status":"passed","stage":"finished","steps":[],"attachments":[],"parameters":[],"start":1688629204003,"stop":1688629206032},{"name":"Click on the third product checkbox","status":"passed","stage":"finished","steps":[],"attachments":[],"parameters":[],"start":1688629206032,"stop":1688629210165},{"name":"Click on the Choose Button3","status":"passed","stage":"finished","steps":[],"attachments":[],"parameters":[],"start":1688629210165,"stop":1688629213499},{"name":"Click on the product1 to add it to your cart","status":"passed","stage":"finished","steps":[],"attachments":[],"parameters":[],"start":1688629213499,"stop":1688629215657},{"name":"Click on the product2 to add it to your cart","status":"passed","stage":"finished","steps":[],"attachments":[],"parameters":[],"start":1688629215657,"stop":1688629218313},{"name":"Click on the product3 to add it to your cart","status":"passed","stage":"finished","steps":[],"attachments":[],"parameters":[],"start":1688629218313,"stop":1688629222424},{"name":"Click on the header cart","status":"passed","stage":"finished","steps":[],"attachments":[],"parameters":[],"start":1688629222424,"stop":1688629222484},{"name":"Updating quantity","status":"passed","stage":"finished","steps":[],"attachments":[],"parameters":[],"start":1688629222484,"stop":1688629228744},{"name":"Removing items","status":"passed","stage":"finished","steps":[],"attachments":[],"parameters":[],"start":1688629228744,"stop":1688629228855},{"name":"Verify Checkout Process","status":"broken","statusDetails":{"known":false,"muted":false,"flaky":false,"message":"Expected condition failed: waiting for element to be clickable: By.xpath: //*[@id=\"app\"]/div[3]/div[1]/div[3]/a[1]/button (tried for 40 second(s) with 500 milliseconds interval)\nBuild info: version: '4.10.0', revision: 'c14d967899'\nSystem info: os.name: 'Windows 10', os.arch: 'amd64', os.version: '10.0', java.version: '20.0.1'\nDriver info: org.openqa.selenium.chrome.ChromeDriver\nCapabilities {acceptInsecureCerts: false, browserName: chrome, browserVersion: 114.0.5735.199, chrome: {chromedriverVersion: 114.0.5735.90 (386bc09e8f4f..., userDataDir: C:\\Users\\ketiz\\AppData\\Loca...}, goog:chromeOptions: {debuggerAddress: localhost:51596}, networkConnectionEnabled: false, pageLoadStrategy: normal, platformName: windows, proxy: Proxy(), se:cdp: ws://localhost:51596/devtoo..., se:cdpVersion: 114.0.5735.199, setWindowRect: true, strictFileInteractability: false, timeouts: {implicit: 0, pageLoad: 300000, script: 30000}, unhandledPromptBehavior: dismiss and notify, webauthn:extension:credBlob: true, webauthn:extension:largeBlob: true, webauthn:extension:minPinLength: true, webauthn:extension:prf: true, webauthn:virtualAuthenticators: true}\nSession ID: 8cf24a1807f6015e2aabc8944783e5d7","trace":"org.openqa.selenium.TimeoutException: Expected condition failed: waiting for element to be clickable: By.xpath: //*[@id=\"app\"]/div[3]/div[1]/div[3]/a[1]/button (tried for 40 second(s) with 500 milliseconds interval)\nBuild info: version: '4.10.0', revision: 'c14d967899'\nSystem info: os.name: 'Windows 10', os.arch: 'amd64', os.version: '10.0', java.version: '20.0.1'\nDriver info: org.openqa.selenium.chrome.ChromeDriver\nCapabilities {acceptInsecureCerts: false, browserName: chrome, browserVersion: 114.0.5735.199, chrome: {chromedriverVersion: 114.0.5735.90 (386bc09e8f4f..., userDataDir: C:\\Users\\ketiz\\AppData\\Loca...}, goog:chromeOptions: {debuggerAddress: localhost:51596}, networkConnectionEnabled: false, pageLoadStrategy: normal, platformName: windows, proxy: Proxy(), se:cdp: ws://localhost:51596/devtoo..., se:cdpVersion: 114.0.5735.199, setWindowRect: true, strictFileInteractability: false, timeouts: {implicit: 0, pageLoad: 300000, script: 30000}, unhandledPromptBehavior: dismiss and notify, webauthn:extension:credBlob: true, webauthn:extension:largeBlob: true, webauthn:extension:minPinLength: true, webauthn:extension:prf: true, webauthn:virtualAuthenticators: true}\nSession ID: 8cf24a1807f6015e2aabc8944783e5d7\r\n\tat org.openqa.selenium.support.ui.WebDriverWait.timeoutException(WebDriverWait.java:84)\r\n\tat org.openqa.selenium.support.ui.FluentWait.until(FluentWait.java:230)\r\n\tat PageObject.CheckoutPage.checkout(CheckoutPage.java:291)\r\n\tat PSP.CheckoutPageTest.VerifyCheckoutProcess(CheckoutPageTest.java:38)\r\n\tat java.base/jdk.internal.reflect.DirectMethodHandleAccessor.invoke(DirectMethodHandleAccessor.java:104)\r\n\tat java.base/java.lang.reflect.Method.invoke(Method.java:578)\r\n\tat org.testng.internal.invokers.MethodInvocationHelper.invokeMethod(MethodInvocationHelper.java:139)\r\n\tat org.testng.internal.invokers.TestInvoker.invokeMethod(TestInvoker.java:664)\r\n\tat org.testng.internal.invokers.TestInvoker.invokeTestMethod(TestInvoker.java:227)\r\n\tat org.testng.internal.invokers.MethodRunner.runInSequence(MethodRunner.java:50)\r\n\tat org.testng.internal.invokers.TestInvoker$MethodInvocationAgent.invoke(TestInvoker.java:957)\r\n\tat org.testng.internal.invokers.TestInvoker.invokeTestMethods(TestInvoker.java:200)\r\n\tat org.testng.internal.invokers.TestMethodWorker.invokeTestMethods(TestMethodWorker.java:148)\r\n\tat org.testng.internal.invokers.TestMethodWorker.run(TestMethodWorker.java:128)\r\n\tat java.base/java.util.ArrayList.forEach(ArrayList.java:1511)\r\n\tat org.testng.TestRunner.privateRun(TestRunner.java:848)\r\n\tat org.testng.TestRunner.run(TestRunner.java:621)\r\n\tat org.testng.SuiteRunner.runTest(SuiteRunner.java:443)\r\n\tat org.testng.SuiteRunner.runSequentially(SuiteRunner.java:437)\r\n\tat org.testng.SuiteRunner.privateRun(SuiteRunner.java:397)\r\n\tat org.testng.SuiteRunner.run(SuiteRunner.java:336)\r\n\tat org.testng.SuiteRunnerWorker.runSuite(SuiteRunnerWorker.java:52)\r\n\tat org.testng.SuiteRunnerWorker.run(SuiteRunnerWorker.java:95)\r\n\tat org.testng.TestNG.runSuitesSequentially(TestNG.java:1280)\r\n\tat org.testng.TestNG.runSuitesLocally(TestNG.java:1200)\r\n\tat org.testng.TestNG.runSuites(TestNG.java:1114)\r\n\tat org.testng.TestNG.run(TestNG.java:1082)\r\n\tat com.intellij.rt.testng.IDEARemoteTestNG.run(IDEARemoteTestNG.java:66)\r\n\tat com.intellij.rt.testng.RemoteTestNGStarter.main(RemoteTestNGStarter.java:105)\r\n"},"stage":"finished","steps":[],"attachments":[],"parameters":[],"start":1688629228855,"stop":1688629268937}],"attachments":[],"parameters":[],"start":1688629194745,"stop":1688629268941}